<?xml version="1.0" encoding="UTF-8"?>
<testsuite xmlns:xsi="http://www.w3.org/2001/XMLSchema-instance" xsi:noNamespaceSchemaLocation="https://maven.apache.org/surefire/maven-surefire-plugin/xsd/surefire-test-report.xsd" name="com.idt.TestValuationOutput" time="67.401" tests="1" errors="1" skipped="0" failures="0">
  <properties>
[...]
</properties>
  <testcase name="testCarValuationOutputs" classname="com.idt.TestValuationOutput" time="63.465">
    <error message="Unable to locate element: .jHDwGZ:nth-of-type(2)&#10;For documentation on this error, please visit: https://www.selenium.dev/documentation/webdriver/troubleshooting/errors#no-such-element-exception&#10;Build info: version: &apos;4.12.0&apos;, revision: &apos;249f2a7d1b*&apos;&#10;System info: os.name: &apos;Mac OS X&apos;, os.arch: &apos;x86_64&apos;, os.version: &apos;13.1&apos;, java.version: &apos;11.0.17&apos;&#10;Driver info: org.openqa.selenium.firefox.FirefoxDriver&#10;Command: [cbe982a7-36e0-4e94-8a05-2247dcbba4c4, findElement {using=css selector, value=.jHDwGZ:nth-of-type(2)}]&#10;Capabilities {acceptInsecureCerts: true, browserName: firefox, browserVersion: 108.0, moz:accessibilityChecks: false, moz:buildID: 20221208122842, moz:debuggerAddress: 127.0.0.1:5030, moz:geckodriverVersion: 0.33.0, moz:headless: false, moz:platformVersion: 22.2.0, moz:processID: 51268, moz:profile: /var/folders/_7/6_vk46z52nv..., moz:shutdownTimeout: 60000, moz:useNonSpecCompliantPointerOrigin: false, moz:webdriverClick: true, moz:windowless: false, pageLoadStrategy: normal, platformName: mac, proxy: Proxy(), se:cdp: ws://127.0.0.1:5030/devtool..., se:cdpVersion: 85.0, setWindowRect: true, strictFileInteractability: false, timeouts: {implicit: 0, pageLoad: 300000, script: 30000}, unhandledPromptBehavior: dismiss and notify}&#10;Session ID: cbe982a7-36e0-4e94-8a05-2247dcbba4c4" type="org.openqa.selenium.NoSuchElementException">org.openqa.selenium.NoSuchElementException: 
Unable to locate element: .jHDwGZ:nth-of-type(2)
For documentation on this error, please visit: https://www.selenium.dev/documentation/webdriver/troubleshooting/errors#no-such-element-exception
Build info: version: '4.12.0', revision: '249f2a7d1b*'
System info: os.name: 'Mac OS X', os.arch: 'x86_64', os.version: '13.1', java.version: '11.0.17'
Driver info: org.openqa.selenium.firefox.FirefoxDriver
Command: [cbe982a7-36e0-4e94-8a05-2247dcbba4c4, findElement {using=css selector, value=.jHDwGZ:nth-of-type(2)}]
Capabilities {acceptInsecureCerts: true, browserName: firefox, browserVersion: 108.0, moz:accessibilityChecks: false, moz:buildID: 20221208122842, moz:debuggerAddress: 127.0.0.1:5030, moz:geckodriverVersion: 0.33.0, moz:headless: false, moz:platformVersion: 22.2.0, moz:processID: 51268, moz:profile: /var/folders/_7/6_vk46z52nv..., moz:shutdownTimeout: 60000, moz:useNonSpecCompliantPointerOrigin: false, moz:webdriverClick: true, moz:windowless: false, pageLoadStrategy: normal, platformName: mac, proxy: Proxy(), se:cdp: ws://127.0.0.1:5030/devtool..., se:cdpVersion: 85.0, setWindowRect: true, strictFileInteractability: false, timeouts: {implicit: 0, pageLoad: 300000, script: 30000}, unhandledPromptBehavior: dismiss and notify}
Session ID: cbe982a7-36e0-4e94-8a05-2247dcbba4c4
	at com.idt.TestValuationOutput.lambda$testCarValuationOutputs$0(TestValuationOutput.java:53)
	at com.idt.TestValuationOutput.lambda$testCarValuationOutputs$1(TestValuationOutput.java:45)
	at com.idt.TestValuationOutput.lambda$testCarValuationOutputs$2(TestValuationOutput.java:42)
	at com.idt.TestValuationOutput.testCarValuationOutputs(TestValuationOutput.java:41)
</error>
    <system-out><![CDATA[[REGISTRATION,MAKE,MODEL, , , , SG18HTN,Volkswagen,Golf 1.5 TSI EVO SE Nav Hatchback 5dr Petrol Manual Euro 6 (s/s) (130 ps), , , AD58VNF,BMW,1 Series 2.0 120d M Sport Coupe 2dr Diesel Manual Euro 4 (177 ps), , , BW57BOF,Toyota,Yaris 1.0 VVT-i T2 Hatchback 3dr Petrol Manual (127 g/km, 67 bhp), , , KT17DLX,SKODA,Superb 2.0 TDI SportLine Estate 5dr Diesel DSG Auto 6Spd Euro 6 (s/s) (190 ps)]
{BW57BOF=BW57BOF,Toyota,Yaris 1.0 VVT-i T2 Hatchback 3dr Petrol Manual (127 g/km67 bhp), KT17DLX=KT17DLX,SKODA,Superb 2.0 TDI SportLine Estate 5dr Diesel DSG Auto 6Spd Euro 6 (s/s) (190 ps), AD58VNF=AD58VNF,BMW,1 Series 2.0 120d M Sport Coupe 2dr Diesel Manual Euro 4 (177 ps), SG18HTN=SG18HTN,Volkswagen,Golf 1.5 TSI EVO SE Nav Hatchback 5dr Petrol Manual Euro 6 (s/s) (130 ps)}
=============== Running valuation checks on Registration Numbers on File:car_input_v2.txt ====================
[AD58VNF, BW57BOW, KT17DLX, SG18HTN]
]]></system-out>
    <system-err><![CDATA[SLF4J: Failed to load class "org.slf4j.impl.StaticLoggerBinder".
SLF4J: Defaulting to no-operation (NOP) logger implementation
SLF4J: See http://www.slf4j.org/codes.html#StaticLoggerBinder for further details.
We couldn't find a car with that registration. Check your registration number is correct and try again.
]]></system-err>
  </testcase>
</testsuite>